<?xml version="1.0" encoding="UTF-8"?>
<!-- Generated by org.testng.reporters.JUnitXMLReporter -->
<testsuite ignored="0" hostname="preeti-laptop" failures="0" tests="16" name="TravelMediCare Test Cases" time="176.481" errors="0" timestamp="02 Apr. 2020 20:28:36 GMT">
  <testcase classname="tm.qa.testcases.SignInPageTest" name="VarifyUserName" time="0.071"/>
  <testcase classname="tm.qa.testcases.HomePageTestCase" name="HomeLink" time="0.506"/>
  <testcase classname="tm.qa.testcases.SignUpPageTest" name="validateData" time="0.764"/>
  <testcase classname="tm.qa.testcases.SignInPageTest" name="VarifyPassword" time="0.042"/>
  <testcase classname="tm.qa.testcases.HomePageTestCase" name="signin" time="0.587"/>
  <testcase classname="tm.qa.testcases.SignInPageTest" name="ValidLoginBtn" time="0.316"/>
  <testcase classname="tm.qa.testcases.HomePageTestCase" name="signup" time="0.459"/>
  <testcase classname="tm.qa.testcases.HomePageTestCase" name="logoTest" time="0.039"/>
  <testcase classname="tm.qa.testcases.HomePageTestCase" name="getAQuote" time="0.656"/>
  <testcase classname="tm.qa.testcases.HomePageTestCase" name="insurancePlan" time="0.048"/>
  <testcase classname="tm.qa.testcases.HomePageTestCase" name="superVisaVsingle" time="0.098"/>
  <testcase classname="tm.qa.testcases.HomePageTestCase" name="bottomgetAQuote" time="0.033"/>
  <testcase classname="tm.qa.testcases.HomePageTestCase" name="AboutUsLink" time="0.018"/>
  <testcase classname="tm.qa.testcases.HomePageTestCase" name="PrivacyAndPolicyLink" time="0.107"/>
  <testcase classname="tm.qa.testcases.HomePageTestCase" name="TermsAndCondiLink" time="0.038"/>
  <testcase classname="tm.qa.testcases.HomePageTestCase" name="EmailsLink" time="0.027"/>
</testsuite> <!-- TravelMediCare Test Cases -->
