<?xml version="1.0" encoding="UTF-8"?>
<!-- Generated by org.testng.reporters.JUnitXMLReporter -->
<testsuite ignored="0" hostname="LAPTOP-FL6LD70U" failures="0" tests="3" name="Default test" time="25.811" errors="0" timestamp="27 Feb. 2020 21:49:43 GMT">
  <testcase classname="tm.qa.testcases.SignInPageTest" name="VarifyUserName" time="0.068"/>
  <testcase classname="tm.qa.testcases.SignInPageTest" name="VarifyPassword" time="0.122"/>
  <testcase classname="tm.qa.testcases.SignInPageTest" name="ValidLoginBtn" time="0.691"/>
</testsuite> <!-- Default test -->
