<?xml version="1.0" encoding="UTF-8"?>
<testng-results ignored="0" total="1" passed="1" failed="0" skipped="0">
  <reporter-output>
  </reporter-output>
  <suite started-at="2020-04-04T01:06:31Z" name="Default suite" finished-at="2020-04-04T01:06:40Z" duration-ms="9274">
    <groups>
    </groups>
    <test started-at="2020-04-04T01:06:31Z" name="Default test" finished-at="2020-04-04T01:06:40Z" duration-ms="9274">
      <class name="tm.qa.testcases.GenreateQuoteTest">
        <test-method is-config="true" signature="setup()[pri:0, instance:tm.qa.testcases.GenreateQuoteTest@26e356f0]" started-at="2020-04-03T21:06:31Z" name="setup" finished-at="2020-04-03T21:06:39Z" duration-ms="7952" status="PASS">
          <reporter-output>
          </reporter-output>
        </test-method> <!-- setup -->
        <test-method signature="validateFDOC()[pri:1, instance:tm.qa.testcases.GenreateQuoteTest@26e356f0]" started-at="2020-04-03T21:06:39Z" name="validateFDOC" finished-at="2020-04-03T21:06:40Z" duration-ms="1306" status="PASS">
          <reporter-output>
          </reporter-output>
        </test-method> <!-- validateFDOC -->
      </class> <!-- tm.qa.testcases.GenreateQuoteTest -->
    </test> <!-- Default test -->
  </suite> <!-- Default suite -->
</testng-results>
